INFO - 2024-10-07 01:46:37 --> Session: Class initialized using 'CodeIgniter\Session\Handlers\FileHandler' driver.
INFO - 2024-10-07 01:46:44 --> Session: Class initialized using 'CodeIgniter\Session\Handlers\FileHandler' driver.
INFO - 2024-10-07 01:46:44 --> Session: Class initialized using 'CodeIgniter\Session\Handlers\FileHandler' driver.
INFO - 2024-10-07 01:46:49 --> Session: Class initialized using 'CodeIgniter\Session\Handlers\FileHandler' driver.
INFO - 2024-10-07 01:46:51 --> Session: Class initialized using 'CodeIgniter\Session\Handlers\FileHandler' driver.
INFO - 2024-10-07 01:46:52 --> Session: Class initialized using 'CodeIgniter\Session\Handlers\FileHandler' driver.
INFO - 2024-10-07 01:46:56 --> Session: Class initialized using 'CodeIgniter\Session\Handlers\FileHandler' driver.
INFO - 2024-10-07 01:47:00 --> Session: Class initialized using 'CodeIgniter\Session\Handlers\FileHandler' driver.
INFO - 2024-10-07 02:11:12 --> Session: Class initialized using 'CodeIgniter\Session\Handlers\FileHandler' driver.
INFO - 2024-10-07 02:34:43 --> Session: Class initialized using 'CodeIgniter\Session\Handlers\FileHandler' driver.
INFO - 2024-10-07 02:34:45 --> Session: Class initialized using 'CodeIgniter\Session\Handlers\FileHandler' driver.
INFO - 2024-10-07 02:34:48 --> Session: Class initialized using 'CodeIgniter\Session\Handlers\FileHandler' driver.
INFO - 2024-10-07 02:49:57 --> Session: Class initialized using 'CodeIgniter\Session\Handlers\FileHandler' driver.
INFO - 2024-10-07 02:49:58 --> Session: Class initialized using 'CodeIgniter\Session\Handlers\FileHandler' driver.
INFO - 2024-10-07 02:50:00 --> Session: Class initialized using 'CodeIgniter\Session\Handlers\FileHandler' driver.
INFO - 2024-10-07 02:50:01 --> Session: Class initialized using 'CodeIgniter\Session\Handlers\FileHandler' driver.
CRITICAL - 2024-10-07 02:50:05 --> ErrorException: Undefined variable $username
[Method: GET, Route: GuardController/guardList]
in APPPATH\Views\guard\guardList.php on line 103.
 1 APPPATH\Views\guard\guardList.php(103): CodeIgniter\Debug\Exceptions->errorHandler(2, 'Undefined variable $username', 'C:\\xampp\\htdocs\\SeGuMaS\\app\\Views\\guard\\guardList.php', 103)
 2 SYSTEMPATH\View\View.php(234): include('C:\\xampp\\htdocs\\SeGuMaS\\app\\Views\\guard\\guardList.php')
 3 SYSTEMPATH\View\View.php(237): CodeIgniter\View\View->CodeIgniter\View\{closure}()
 4 SYSTEMPATH\Common.php(1169): CodeIgniter\View\View->render('guard/guardList', [], true)
 5 APPPATH\Controllers\GuardController.php(21): view('guard/guardList', [...])
 6 SYSTEMPATH\CodeIgniter.php(933): App\Controllers\GuardController->guardList()
 7 SYSTEMPATH\CodeIgniter.php(509): CodeIgniter\CodeIgniter->runController(Object(App\Controllers\GuardController))
 8 SYSTEMPATH\CodeIgniter.php(355): CodeIgniter\CodeIgniter->handleRequest(null, Object(Config\Cache), false)
 9 SYSTEMPATH\Boot.php(325): CodeIgniter\CodeIgniter->run()
10 SYSTEMPATH\Boot.php(67): CodeIgniter\Boot::runCodeIgniter(Object(CodeIgniter\CodeIgniter))
11 FCPATH\index.php(56): CodeIgniter\Boot::bootWeb(Object(Config\Paths))
12 SYSTEMPATH\rewrite.php(44): require_once('C:\\xampp\\htdocs\\SeGuMaS\\public\\index.php')
INFO - 2024-10-07 02:50:20 --> Session: Class initialized using 'CodeIgniter\Session\Handlers\FileHandler' driver.
INFO - 2024-10-07 02:50:22 --> Session: Class initialized using 'CodeIgniter\Session\Handlers\FileHandler' driver.
INFO - 2024-10-07 02:50:25 --> Session: Class initialized using 'CodeIgniter\Session\Handlers\FileHandler' driver.
INFO - 2024-10-07 02:50:25 --> Session: Class initialized using 'CodeIgniter\Session\Handlers\FileHandler' driver.
INFO - 2024-10-07 02:50:29 --> Session: Class initialized using 'CodeIgniter\Session\Handlers\FileHandler' driver.
INFO - 2024-10-07 02:50:29 --> Session: Class initialized using 'CodeIgniter\Session\Handlers\FileHandler' driver.
CRITICAL - 2024-10-07 02:50:32 --> ErrorException: Undefined variable $username
[Method: GET, Route: GuardController/guardList]
in APPPATH\Views\guard\guardList.php on line 103.
 1 APPPATH\Views\guard\guardList.php(103): CodeIgniter\Debug\Exceptions->errorHandler(2, 'Undefined variable $username', 'C:\\xampp\\htdocs\\SeGuMaS\\app\\Views\\guard\\guardList.php', 103)
 2 SYSTEMPATH\View\View.php(234): include('C:\\xampp\\htdocs\\SeGuMaS\\app\\Views\\guard\\guardList.php')
 3 SYSTEMPATH\View\View.php(237): CodeIgniter\View\View->CodeIgniter\View\{closure}()
 4 SYSTEMPATH\Common.php(1169): CodeIgniter\View\View->render('guard/guardList', [], true)
 5 APPPATH\Controllers\GuardController.php(21): view('guard/guardList', [...])
 6 SYSTEMPATH\CodeIgniter.php(933): App\Controllers\GuardController->guardList()
 7 SYSTEMPATH\CodeIgniter.php(509): CodeIgniter\CodeIgniter->runController(Object(App\Controllers\GuardController))
 8 SYSTEMPATH\CodeIgniter.php(355): CodeIgniter\CodeIgniter->handleRequest(null, Object(Config\Cache), false)
 9 SYSTEMPATH\Boot.php(325): CodeIgniter\CodeIgniter->run()
10 SYSTEMPATH\Boot.php(67): CodeIgniter\Boot::runCodeIgniter(Object(CodeIgniter\CodeIgniter))
11 FCPATH\index.php(56): CodeIgniter\Boot::bootWeb(Object(Config\Paths))
12 SYSTEMPATH\rewrite.php(44): require_once('C:\\xampp\\htdocs\\SeGuMaS\\public\\index.php')
INFO - 2024-10-07 02:52:33 --> Session: Class initialized using 'CodeIgniter\Session\Handlers\FileHandler' driver.
CRITICAL - 2024-10-07 02:52:33 --> ErrorException: Undefined variable $guard
[Method: GET, Route: GuardController/guardList]
in APPPATH\Views\guard\guardList.php on line 221.
 1 APPPATH\Views\guard\guardList.php(221): CodeIgniter\Debug\Exceptions->errorHandler(2, 'Undefined variable $guard', 'C:\\xampp\\htdocs\\SeGuMaS\\app\\Views\\guard\\guardList.php', 221)
 2 SYSTEMPATH\View\View.php(234): include('C:\\xampp\\htdocs\\SeGuMaS\\app\\Views\\guard\\guardList.php')
 3 SYSTEMPATH\View\View.php(237): CodeIgniter\View\View->CodeIgniter\View\{closure}()
 4 SYSTEMPATH\Common.php(1169): CodeIgniter\View\View->render('guard/guardList', [], true)
 5 APPPATH\Controllers\GuardController.php(25): view('guard/guardList', [...])
 6 SYSTEMPATH\CodeIgniter.php(933): App\Controllers\GuardController->guardList()
 7 SYSTEMPATH\CodeIgniter.php(509): CodeIgniter\CodeIgniter->runController(Object(App\Controllers\GuardController))
 8 SYSTEMPATH\CodeIgniter.php(355): CodeIgniter\CodeIgniter->handleRequest(null, Object(Config\Cache), false)
 9 SYSTEMPATH\Boot.php(325): CodeIgniter\CodeIgniter->run()
10 SYSTEMPATH\Boot.php(67): CodeIgniter\Boot::runCodeIgniter(Object(CodeIgniter\CodeIgniter))
11 FCPATH\index.php(56): CodeIgniter\Boot::bootWeb(Object(Config\Paths))
12 SYSTEMPATH\rewrite.php(44): require_once('C:\\xampp\\htdocs\\SeGuMaS\\public\\index.php')
INFO - 2024-10-07 02:57:18 --> Session: Class initialized using 'CodeIgniter\Session\Handlers\FileHandler' driver.
CRITICAL - 2024-10-07 02:57:18 --> ErrorException: Undefined variable $guard
[Method: GET, Route: GuardController/guardList]
in APPPATH\Views\guard\guardList.php on line 221.
 1 APPPATH\Views\guard\guardList.php(221): CodeIgniter\Debug\Exceptions->errorHandler(2, 'Undefined variable $guard', 'C:\\xampp\\htdocs\\SeGuMaS\\app\\Views\\guard\\guardList.php', 221)
 2 SYSTEMPATH\View\View.php(234): include('C:\\xampp\\htdocs\\SeGuMaS\\app\\Views\\guard\\guardList.php')
 3 SYSTEMPATH\View\View.php(237): CodeIgniter\View\View->CodeIgniter\View\{closure}()
 4 SYSTEMPATH\Common.php(1169): CodeIgniter\View\View->render('guard/guardList', [], true)
 5 APPPATH\Controllers\GuardController.php(25): view('guard/guardList', [...])
 6 SYSTEMPATH\CodeIgniter.php(933): App\Controllers\GuardController->guardList()
 7 SYSTEMPATH\CodeIgniter.php(509): CodeIgniter\CodeIgniter->runController(Object(App\Controllers\GuardController))
 8 SYSTEMPATH\CodeIgniter.php(355): CodeIgniter\CodeIgniter->handleRequest(null, Object(Config\Cache), false)
 9 SYSTEMPATH\Boot.php(325): CodeIgniter\CodeIgniter->run()
10 SYSTEMPATH\Boot.php(67): CodeIgniter\Boot::runCodeIgniter(Object(CodeIgniter\CodeIgniter))
11 FCPATH\index.php(56): CodeIgniter\Boot::bootWeb(Object(Config\Paths))
12 SYSTEMPATH\rewrite.php(44): require_once('C:\\xampp\\htdocs\\SeGuMaS\\public\\index.php')
INFO - 2024-10-07 02:57:20 --> Session: Class initialized using 'CodeIgniter\Session\Handlers\FileHandler' driver.
CRITICAL - 2024-10-07 02:57:20 --> ErrorException: Undefined variable $guard
[Method: GET, Route: GuardController/guardList]
in APPPATH\Views\guard\guardList.php on line 221.
 1 APPPATH\Views\guard\guardList.php(221): CodeIgniter\Debug\Exceptions->errorHandler(2, 'Undefined variable $guard', 'C:\\xampp\\htdocs\\SeGuMaS\\app\\Views\\guard\\guardList.php', 221)
 2 SYSTEMPATH\View\View.php(234): include('C:\\xampp\\htdocs\\SeGuMaS\\app\\Views\\guard\\guardList.php')
 3 SYSTEMPATH\View\View.php(237): CodeIgniter\View\View->CodeIgniter\View\{closure}()
 4 SYSTEMPATH\Common.php(1169): CodeIgniter\View\View->render('guard/guardList', [], true)
 5 APPPATH\Controllers\GuardController.php(25): view('guard/guardList', [...])
 6 SYSTEMPATH\CodeIgniter.php(933): App\Controllers\GuardController->guardList()
 7 SYSTEMPATH\CodeIgniter.php(509): CodeIgniter\CodeIgniter->runController(Object(App\Controllers\GuardController))
 8 SYSTEMPATH\CodeIgniter.php(355): CodeIgniter\CodeIgniter->handleRequest(null, Object(Config\Cache), false)
 9 SYSTEMPATH\Boot.php(325): CodeIgniter\CodeIgniter->run()
10 SYSTEMPATH\Boot.php(67): CodeIgniter\Boot::runCodeIgniter(Object(CodeIgniter\CodeIgniter))
11 FCPATH\index.php(56): CodeIgniter\Boot::bootWeb(Object(Config\Paths))
12 SYSTEMPATH\rewrite.php(44): require_once('C:\\xampp\\htdocs\\SeGuMaS\\public\\index.php')
INFO - 2024-10-07 02:57:20 --> Session: Class initialized using 'CodeIgniter\Session\Handlers\FileHandler' driver.
CRITICAL - 2024-10-07 02:57:21 --> ErrorException: Undefined variable $guard
[Method: GET, Route: GuardController/guardList]
in APPPATH\Views\guard\guardList.php on line 221.
 1 APPPATH\Views\guard\guardList.php(221): CodeIgniter\Debug\Exceptions->errorHandler(2, 'Undefined variable $guard', 'C:\\xampp\\htdocs\\SeGuMaS\\app\\Views\\guard\\guardList.php', 221)
 2 SYSTEMPATH\View\View.php(234): include('C:\\xampp\\htdocs\\SeGuMaS\\app\\Views\\guard\\guardList.php')
 3 SYSTEMPATH\View\View.php(237): CodeIgniter\View\View->CodeIgniter\View\{closure}()
 4 SYSTEMPATH\Common.php(1169): CodeIgniter\View\View->render('guard/guardList', [], true)
 5 APPPATH\Controllers\GuardController.php(25): view('guard/guardList', [...])
 6 SYSTEMPATH\CodeIgniter.php(933): App\Controllers\GuardController->guardList()
 7 SYSTEMPATH\CodeIgniter.php(509): CodeIgniter\CodeIgniter->runController(Object(App\Controllers\GuardController))
 8 SYSTEMPATH\CodeIgniter.php(355): CodeIgniter\CodeIgniter->handleRequest(null, Object(Config\Cache), false)
 9 SYSTEMPATH\Boot.php(325): CodeIgniter\CodeIgniter->run()
10 SYSTEMPATH\Boot.php(67): CodeIgniter\Boot::runCodeIgniter(Object(CodeIgniter\CodeIgniter))
11 FCPATH\index.php(56): CodeIgniter\Boot::bootWeb(Object(Config\Paths))
12 SYSTEMPATH\rewrite.php(44): require_once('C:\\xampp\\htdocs\\SeGuMaS\\public\\index.php')
INFO - 2024-10-07 02:57:21 --> Session: Class initialized using 'CodeIgniter\Session\Handlers\FileHandler' driver.
CRITICAL - 2024-10-07 02:57:21 --> ErrorException: Undefined variable $guard
[Method: GET, Route: GuardController/guardList]
in APPPATH\Views\guard\guardList.php on line 221.
 1 APPPATH\Views\guard\guardList.php(221): CodeIgniter\Debug\Exceptions->errorHandler(2, 'Undefined variable $guard', 'C:\\xampp\\htdocs\\SeGuMaS\\app\\Views\\guard\\guardList.php', 221)
 2 SYSTEMPATH\View\View.php(234): include('C:\\xampp\\htdocs\\SeGuMaS\\app\\Views\\guard\\guardList.php')
 3 SYSTEMPATH\View\View.php(237): CodeIgniter\View\View->CodeIgniter\View\{closure}()
 4 SYSTEMPATH\Common.php(1169): CodeIgniter\View\View->render('guard/guardList', [], true)
 5 APPPATH\Controllers\GuardController.php(25): view('guard/guardList', [...])
 6 SYSTEMPATH\CodeIgniter.php(933): App\Controllers\GuardController->guardList()
 7 SYSTEMPATH\CodeIgniter.php(509): CodeIgniter\CodeIgniter->runController(Object(App\Controllers\GuardController))
 8 SYSTEMPATH\CodeIgniter.php(355): CodeIgniter\CodeIgniter->handleRequest(null, Object(Config\Cache), false)
 9 SYSTEMPATH\Boot.php(325): CodeIgniter\CodeIgniter->run()
10 SYSTEMPATH\Boot.php(67): CodeIgniter\Boot::runCodeIgniter(Object(CodeIgniter\CodeIgniter))
11 FCPATH\index.php(56): CodeIgniter\Boot::bootWeb(Object(Config\Paths))
12 SYSTEMPATH\rewrite.php(44): require_once('C:\\xampp\\htdocs\\SeGuMaS\\public\\index.php')
INFO - 2024-10-07 02:57:28 --> Session: Class initialized using 'CodeIgniter\Session\Handlers\FileHandler' driver.
INFO - 2024-10-07 02:57:30 --> Session: Class initialized using 'CodeIgniter\Session\Handlers\FileHandler' driver.
INFO - 2024-10-07 02:57:31 --> Session: Class initialized using 'CodeIgniter\Session\Handlers\FileHandler' driver.
INFO - 2024-10-07 02:57:31 --> Session: Class initialized using 'CodeIgniter\Session\Handlers\FileHandler' driver.
INFO - 2024-10-07 02:57:33 --> Session: Class initialized using 'CodeIgniter\Session\Handlers\FileHandler' driver.
INFO - 2024-10-07 02:57:35 --> Session: Class initialized using 'CodeIgniter\Session\Handlers\FileHandler' driver.
INFO - 2024-10-07 02:57:36 --> Session: Class initialized using 'CodeIgniter\Session\Handlers\FileHandler' driver.
INFO - 2024-10-07 02:57:38 --> Session: Class initialized using 'CodeIgniter\Session\Handlers\FileHandler' driver.
CRITICAL - 2024-10-07 02:57:38 --> ErrorException: Undefined variable $guard
[Method: GET, Route: GuardController/guardList]
in APPPATH\Views\guard\guardList.php on line 221.
 1 APPPATH\Views\guard\guardList.php(221): CodeIgniter\Debug\Exceptions->errorHandler(2, 'Undefined variable $guard', 'C:\\xampp\\htdocs\\SeGuMaS\\app\\Views\\guard\\guardList.php', 221)
 2 SYSTEMPATH\View\View.php(234): include('C:\\xampp\\htdocs\\SeGuMaS\\app\\Views\\guard\\guardList.php')
 3 SYSTEMPATH\View\View.php(237): CodeIgniter\View\View->CodeIgniter\View\{closure}()
 4 SYSTEMPATH\Common.php(1169): CodeIgniter\View\View->render('guard/guardList', [], true)
 5 APPPATH\Controllers\GuardController.php(25): view('guard/guardList', [...])
 6 SYSTEMPATH\CodeIgniter.php(933): App\Controllers\GuardController->guardList()
 7 SYSTEMPATH\CodeIgniter.php(509): CodeIgniter\CodeIgniter->runController(Object(App\Controllers\GuardController))
 8 SYSTEMPATH\CodeIgniter.php(355): CodeIgniter\CodeIgniter->handleRequest(null, Object(Config\Cache), false)
 9 SYSTEMPATH\Boot.php(325): CodeIgniter\CodeIgniter->run()
10 SYSTEMPATH\Boot.php(67): CodeIgniter\Boot::runCodeIgniter(Object(CodeIgniter\CodeIgniter))
11 FCPATH\index.php(56): CodeIgniter\Boot::bootWeb(Object(Config\Paths))
12 SYSTEMPATH\rewrite.php(44): require_once('C:\\xampp\\htdocs\\SeGuMaS\\public\\index.php')
INFO - 2024-10-07 03:00:18 --> Session: Class initialized using 'CodeIgniter\Session\Handlers\FileHandler' driver.
CRITICAL - 2024-10-07 03:00:18 --> ErrorException: Undefined array key "siteName"
[Method: GET, Route: GuardController/guardList]
in APPPATH\Views\guard\guardList.php on line 303.
 1 APPPATH\Views\guard\guardList.php(303): CodeIgniter\Debug\Exceptions->errorHandler(2, 'Undefined array key "siteName"', 'C:\\xampp\\htdocs\\SeGuMaS\\app\\Views\\guard\\guardList.php', 303)
 2 SYSTEMPATH\View\View.php(234): include('C:\\xampp\\htdocs\\SeGuMaS\\app\\Views\\guard\\guardList.php')
 3 SYSTEMPATH\View\View.php(237): CodeIgniter\View\View->CodeIgniter\View\{closure}()
 4 SYSTEMPATH\Common.php(1169): CodeIgniter\View\View->render('guard/guardList', [], true)
 5 APPPATH\Controllers\GuardController.php(25): view('guard/guardList', [...])
 6 SYSTEMPATH\CodeIgniter.php(933): App\Controllers\GuardController->guardList()
 7 SYSTEMPATH\CodeIgniter.php(509): CodeIgniter\CodeIgniter->runController(Object(App\Controllers\GuardController))
 8 SYSTEMPATH\CodeIgniter.php(355): CodeIgniter\CodeIgniter->handleRequest(null, Object(Config\Cache), false)
 9 SYSTEMPATH\Boot.php(325): CodeIgniter\CodeIgniter->run()
10 SYSTEMPATH\Boot.php(67): CodeIgniter\Boot::runCodeIgniter(Object(CodeIgniter\CodeIgniter))
11 FCPATH\index.php(56): CodeIgniter\Boot::bootWeb(Object(Config\Paths))
12 SYSTEMPATH\rewrite.php(44): require_once('C:\\xampp\\htdocs\\SeGuMaS\\public\\index.php')
INFO - 2024-10-07 03:03:17 --> Session: Class initialized using 'CodeIgniter\Session\Handlers\FileHandler' driver.
CRITICAL - 2024-10-07 03:03:17 --> ErrorException: Undefined array key "siteName"
[Method: GET, Route: GuardController/guardList]
in APPPATH\Views\guard\guardList.php on line 303.
 1 APPPATH\Views\guard\guardList.php(303): CodeIgniter\Debug\Exceptions->errorHandler(2, 'Undefined array key "siteName"', 'C:\\xampp\\htdocs\\SeGuMaS\\app\\Views\\guard\\guardList.php', 303)
 2 SYSTEMPATH\View\View.php(234): include('C:\\xampp\\htdocs\\SeGuMaS\\app\\Views\\guard\\guardList.php')
 3 SYSTEMPATH\View\View.php(237): CodeIgniter\View\View->CodeIgniter\View\{closure}()
 4 SYSTEMPATH\Common.php(1169): CodeIgniter\View\View->render('guard/guardList', [], true)
 5 APPPATH\Controllers\GuardController.php(25): view('guard/guardList', [...])
 6 SYSTEMPATH\CodeIgniter.php(933): App\Controllers\GuardController->guardList()
 7 SYSTEMPATH\CodeIgniter.php(509): CodeIgniter\CodeIgniter->runController(Object(App\Controllers\GuardController))
 8 SYSTEMPATH\CodeIgniter.php(355): CodeIgniter\CodeIgniter->handleRequest(null, Object(Config\Cache), false)
 9 SYSTEMPATH\Boot.php(325): CodeIgniter\CodeIgniter->run()
10 SYSTEMPATH\Boot.php(67): CodeIgniter\Boot::runCodeIgniter(Object(CodeIgniter\CodeIgniter))
11 FCPATH\index.php(56): CodeIgniter\Boot::bootWeb(Object(Config\Paths))
12 SYSTEMPATH\rewrite.php(44): require_once('C:\\xampp\\htdocs\\SeGuMaS\\public\\index.php')
INFO - 2024-10-07 03:03:26 --> Session: Class initialized using 'CodeIgniter\Session\Handlers\FileHandler' driver.
CRITICAL - 2024-10-07 03:03:26 --> ParseError: syntax error, unexpected token "endforeach", expecting "elseif" or "else" or "endif"
[Method: GET, Route: GuardController/guardList]
in APPPATH\Views\guard\guardList.php on line 330.
 1 SYSTEMPATH\View\View.php(237): CodeIgniter\View\View->CodeIgniter\View\{closure}()
 2 SYSTEMPATH\Common.php(1169): CodeIgniter\View\View->render('guard/guardList', [], true)
 3 APPPATH\Controllers\GuardController.php(25): view('guard/guardList', [...])
 4 SYSTEMPATH\CodeIgniter.php(933): App\Controllers\GuardController->guardList()
 5 SYSTEMPATH\CodeIgniter.php(509): CodeIgniter\CodeIgniter->runController(Object(App\Controllers\GuardController))
 6 SYSTEMPATH\CodeIgniter.php(355): CodeIgniter\CodeIgniter->handleRequest(null, Object(Config\Cache), false)
 7 SYSTEMPATH\Boot.php(325): CodeIgniter\CodeIgniter->run()
 8 SYSTEMPATH\Boot.php(67): CodeIgniter\Boot::runCodeIgniter(Object(CodeIgniter\CodeIgniter))
 9 FCPATH\index.php(56): CodeIgniter\Boot::bootWeb(Object(Config\Paths))
10 SYSTEMPATH\rewrite.php(44): require_once('C:\\xampp\\htdocs\\SeGuMaS\\public\\index.php')
INFO - 2024-10-07 03:06:30 --> Session: Class initialized using 'CodeIgniter\Session\Handlers\FileHandler' driver.
CRITICAL - 2024-10-07 03:06:31 --> ErrorException: Undefined array key "siteName"
[Method: GET, Route: GuardController/guardList]
in APPPATH\Views\guard\guardList.php on line 303.
 1 APPPATH\Views\guard\guardList.php(303): CodeIgniter\Debug\Exceptions->errorHandler(2, 'Undefined array key "siteName"', 'C:\\xampp\\htdocs\\SeGuMaS\\app\\Views\\guard\\guardList.php', 303)
 2 SYSTEMPATH\View\View.php(234): include('C:\\xampp\\htdocs\\SeGuMaS\\app\\Views\\guard\\guardList.php')
 3 SYSTEMPATH\View\View.php(237): CodeIgniter\View\View->CodeIgniter\View\{closure}()
 4 SYSTEMPATH\Common.php(1169): CodeIgniter\View\View->render('guard/guardList', [], true)
 5 APPPATH\Controllers\GuardController.php(25): view('guard/guardList', [...])
 6 SYSTEMPATH\CodeIgniter.php(933): App\Controllers\GuardController->guardList()
 7 SYSTEMPATH\CodeIgniter.php(509): CodeIgniter\CodeIgniter->runController(Object(App\Controllers\GuardController))
 8 SYSTEMPATH\CodeIgniter.php(355): CodeIgniter\CodeIgniter->handleRequest(null, Object(Config\Cache), false)
 9 SYSTEMPATH\Boot.php(325): CodeIgniter\CodeIgniter->run()
10 SYSTEMPATH\Boot.php(67): CodeIgniter\Boot::runCodeIgniter(Object(CodeIgniter\CodeIgniter))
11 FCPATH\index.php(56): CodeIgniter\Boot::bootWeb(Object(Config\Paths))
12 SYSTEMPATH\rewrite.php(44): require_once('C:\\xampp\\htdocs\\SeGuMaS\\public\\index.php')
INFO - 2024-10-07 03:07:11 --> Session: Class initialized using 'CodeIgniter\Session\Handlers\FileHandler' driver.
CRITICAL - 2024-10-07 03:07:11 --> ParseError: syntax error, unexpected token "endforeach", expecting "elseif" or "else" or "endif"
[Method: GET, Route: GuardController/guardList]
in APPPATH\Views\guard\guardList.php on line 330.
 1 SYSTEMPATH\View\View.php(237): CodeIgniter\View\View->CodeIgniter\View\{closure}()
 2 SYSTEMPATH\Common.php(1169): CodeIgniter\View\View->render('guard/guardList', [], true)
 3 APPPATH\Controllers\GuardController.php(25): view('guard/guardList', [...])
 4 SYSTEMPATH\CodeIgniter.php(933): App\Controllers\GuardController->guardList()
 5 SYSTEMPATH\CodeIgniter.php(509): CodeIgniter\CodeIgniter->runController(Object(App\Controllers\GuardController))
 6 SYSTEMPATH\CodeIgniter.php(355): CodeIgniter\CodeIgniter->handleRequest(null, Object(Config\Cache), false)
 7 SYSTEMPATH\Boot.php(325): CodeIgniter\CodeIgniter->run()
 8 SYSTEMPATH\Boot.php(67): CodeIgniter\Boot::runCodeIgniter(Object(CodeIgniter\CodeIgniter))
 9 FCPATH\index.php(56): CodeIgniter\Boot::bootWeb(Object(Config\Paths))
10 SYSTEMPATH\rewrite.php(44): require_once('C:\\xampp\\htdocs\\SeGuMaS\\public\\index.php')
INFO - 2024-10-07 03:08:07 --> Session: Class initialized using 'CodeIgniter\Session\Handlers\FileHandler' driver.
INFO - 2024-10-07 03:10:20 --> Session: Class initialized using 'CodeIgniter\Session\Handlers\FileHandler' driver.
INFO - 2024-10-07 03:10:21 --> Session: Class initialized using 'CodeIgniter\Session\Handlers\FileHandler' driver.
INFO - 2024-10-07 03:10:24 --> Session: Class initialized using 'CodeIgniter\Session\Handlers\FileHandler' driver.
INFO - 2024-10-07 03:26:34 --> Session: Class initialized using 'CodeIgniter\Session\Handlers\FileHandler' driver.
CRITICAL - 2024-10-07 03:26:35 --> ErrorException: Undefined array key "siteName"
[Method: GET, Route: GuardController/guardList]
in APPPATH\Views\guard\guardList.php on line 303.
 1 APPPATH\Views\guard\guardList.php(303): CodeIgniter\Debug\Exceptions->errorHandler(2, 'Undefined array key "siteName"', 'C:\\xampp\\htdocs\\SeGuMaS\\app\\Views\\guard\\guardList.php', 303)
 2 SYSTEMPATH\View\View.php(234): include('C:\\xampp\\htdocs\\SeGuMaS\\app\\Views\\guard\\guardList.php')
 3 SYSTEMPATH\View\View.php(237): CodeIgniter\View\View->CodeIgniter\View\{closure}()
 4 SYSTEMPATH\Common.php(1169): CodeIgniter\View\View->render('guard/guardList', [], true)
 5 APPPATH\Controllers\GuardController.php(25): view('guard/guardList', [...])
 6 SYSTEMPATH\CodeIgniter.php(933): App\Controllers\GuardController->guardList()
 7 SYSTEMPATH\CodeIgniter.php(509): CodeIgniter\CodeIgniter->runController(Object(App\Controllers\GuardController))
 8 SYSTEMPATH\CodeIgniter.php(355): CodeIgniter\CodeIgniter->handleRequest(null, Object(Config\Cache), false)
 9 SYSTEMPATH\Boot.php(325): CodeIgniter\CodeIgniter->run()
10 SYSTEMPATH\Boot.php(67): CodeIgniter\Boot::runCodeIgniter(Object(CodeIgniter\CodeIgniter))
11 FCPATH\index.php(56): CodeIgniter\Boot::bootWeb(Object(Config\Paths))
12 SYSTEMPATH\rewrite.php(44): require_once('C:\\xampp\\htdocs\\SeGuMaS\\public\\index.php')
INFO - 2024-10-07 03:28:26 --> Session: Class initialized using 'CodeIgniter\Session\Handlers\FileHandler' driver.
INFO - 2024-10-07 03:33:59 --> Session: Class initialized using 'CodeIgniter\Session\Handlers\FileHandler' driver.
INFO - 2024-10-07 03:34:01 --> Session: Class initialized using 'CodeIgniter\Session\Handlers\FileHandler' driver.
INFO - 2024-10-07 03:34:20 --> Session: Class initialized using 'CodeIgniter\Session\Handlers\FileHandler' driver.
INFO - 2024-10-07 03:34:21 --> Session: Class initialized using 'CodeIgniter\Session\Handlers\FileHandler' driver.
INFO - 2024-10-07 03:34:23 --> Session: Class initialized using 'CodeIgniter\Session\Handlers\FileHandler' driver.
INFO - 2024-10-07 06:38:38 --> Session: Class initialized using 'CodeIgniter\Session\Handlers\FileHandler' driver.
INFO - 2024-10-07 06:38:43 --> Session: Class initialized using 'CodeIgniter\Session\Handlers\FileHandler' driver.
INFO - 2024-10-07 06:38:45 --> Session: Class initialized using 'CodeIgniter\Session\Handlers\FileHandler' driver.
INFO - 2024-10-07 06:38:51 --> Session: Class initialized using 'CodeIgniter\Session\Handlers\FileHandler' driver.
INFO - 2024-10-07 06:38:51 --> Session: Class initialized using 'CodeIgniter\Session\Handlers\FileHandler' driver.
INFO - 2024-10-07 06:38:56 --> Session: Class initialized using 'CodeIgniter\Session\Handlers\FileHandler' driver.
INFO - 2024-10-07 06:38:56 --> Session: Class initialized using 'CodeIgniter\Session\Handlers\FileHandler' driver.
INFO - 2024-10-07 06:39:03 --> Session: Class initialized using 'CodeIgniter\Session\Handlers\FileHandler' driver.
INFO - 2024-10-07 06:39:04 --> Session: Class initialized using 'CodeIgniter\Session\Handlers\FileHandler' driver.
INFO - 2024-10-07 06:39:06 --> Session: Class initialized using 'CodeIgniter\Session\Handlers\FileHandler' driver.
INFO - 2024-10-07 06:39:27 --> Session: Class initialized using 'CodeIgniter\Session\Handlers\FileHandler' driver.
INFO - 2024-10-07 06:39:54 --> Session: Class initialized using 'CodeIgniter\Session\Handlers\FileHandler' driver.
INFO - 2024-10-07 06:39:57 --> Session: Class initialized using 'CodeIgniter\Session\Handlers\FileHandler' driver.
INFO - 2024-10-07 06:40:13 --> Session: Class initialized using 'CodeIgniter\Session\Handlers\FileHandler' driver.
INFO - 2024-10-07 06:40:14 --> Session: Class initialized using 'CodeIgniter\Session\Handlers\FileHandler' driver.
INFO - 2024-10-07 07:15:56 --> Session: Class initialized using 'CodeIgniter\Session\Handlers\FileHandler' driver.
INFO - 2024-10-07 07:17:26 --> Session: Class initialized using 'CodeIgniter\Session\Handlers\FileHandler' driver.
INFO - 2024-10-07 07:39:18 --> Session: Class initialized using 'CodeIgniter\Session\Handlers\FileHandler' driver.
INFO - 2024-10-07 07:39:20 --> Session: Class initialized using 'CodeIgniter\Session\Handlers\FileHandler' driver.
INFO - 2024-10-07 07:39:23 --> Session: Class initialized using 'CodeIgniter\Session\Handlers\FileHandler' driver.
CRITICAL - 2024-10-07 07:39:23 --> ErrorException: Undefined variable $existingGuardEDU
[Method: GET, Route: GuardController/addGuard]
in APPPATH\Views\guard\addGuard.php on line 110.
 1 APPPATH\Views\guard\addGuard.php(110): CodeIgniter\Debug\Exceptions->errorHandler(2, 'Undefined variable $existingGuardEDU', 'C:\\xampp\\htdocs\\SeGuMaS\\app\\Views\\guard\\addGuard.php', 110)
 2 SYSTEMPATH\View\View.php(234): include('C:\\xampp\\htdocs\\SeGuMaS\\app\\Views\\guard\\addGuard.php')
 3 SYSTEMPATH\View\View.php(237): CodeIgniter\View\View->CodeIgniter\View\{closure}()
 4 SYSTEMPATH\Common.php(1169): CodeIgniter\View\View->render('guard/addGuard', [], true)
 5 APPPATH\Controllers\GuardController.php(55): view('guard/addGuard', [...])
 6 SYSTEMPATH\CodeIgniter.php(933): App\Controllers\GuardController->addGuard()
 7 SYSTEMPATH\CodeIgniter.php(509): CodeIgniter\CodeIgniter->runController(Object(App\Controllers\GuardController))
 8 SYSTEMPATH\CodeIgniter.php(355): CodeIgniter\CodeIgniter->handleRequest(null, Object(Config\Cache), false)
 9 SYSTEMPATH\Boot.php(325): CodeIgniter\CodeIgniter->run()
10 SYSTEMPATH\Boot.php(67): CodeIgniter\Boot::runCodeIgniter(Object(CodeIgniter\CodeIgniter))
11 FCPATH\index.php(56): CodeIgniter\Boot::bootWeb(Object(Config\Paths))
12 SYSTEMPATH\rewrite.php(44): require_once('C:\\xampp\\htdocs\\SeGuMaS\\public\\index.php')
INFO - 2024-10-07 07:40:32 --> Session: Class initialized using 'CodeIgniter\Session\Handlers\FileHandler' driver.
CRITICAL - 2024-10-07 07:40:32 --> Error: Call to undefined function form_open_multipart()
[Method: GET, Route: GuardController/addGuard]
in APPPATH\Views\guard\addGuard.php on line 308.
 1 SYSTEMPATH\View\View.php(234): include()
 2 SYSTEMPATH\View\View.php(237): CodeIgniter\View\View->CodeIgniter\View\{closure}()
 3 SYSTEMPATH\Common.php(1169): CodeIgniter\View\View->render('guard/addGuard', [], true)
 4 APPPATH\Controllers\GuardController.php(55): view('guard/addGuard', [...])
 5 SYSTEMPATH\CodeIgniter.php(933): App\Controllers\GuardController->addGuard()
 6 SYSTEMPATH\CodeIgniter.php(509): CodeIgniter\CodeIgniter->runController(Object(App\Controllers\GuardController))
 7 SYSTEMPATH\CodeIgniter.php(355): CodeIgniter\CodeIgniter->handleRequest(null, Object(Config\Cache), false)
 8 SYSTEMPATH\Boot.php(325): CodeIgniter\CodeIgniter->run()
 9 SYSTEMPATH\Boot.php(67): CodeIgniter\Boot::runCodeIgniter(Object(CodeIgniter\CodeIgniter))
10 FCPATH\index.php(56): CodeIgniter\Boot::bootWeb(Object(Config\Paths))
11 SYSTEMPATH\rewrite.php(44): require_once('C:\\xampp\\htdocs\\SeGuMaS\\public\\index.php')
INFO - 2024-10-07 07:50:27 --> Session: Class initialized using 'CodeIgniter\Session\Handlers\FileHandler' driver.
INFO - 2024-10-07 07:53:03 --> Session: Class initialized using 'CodeIgniter\Session\Handlers\FileHandler' driver.
INFO - 2024-10-07 07:57:41 --> Session: Class initialized using 'CodeIgniter\Session\Handlers\FileHandler' driver.
INFO - 2024-10-07 07:59:23 --> Session: Class initialized using 'CodeIgniter\Session\Handlers\FileHandler' driver.
INFO - 2024-10-07 08:00:28 --> Session: Class initialized using 'CodeIgniter\Session\Handlers\FileHandler' driver.
INFO - 2024-10-07 08:00:57 --> Session: Class initialized using 'CodeIgniter\Session\Handlers\FileHandler' driver.
INFO - 2024-10-07 08:05:46 --> Session: Class initialized using 'CodeIgniter\Session\Handlers\FileHandler' driver.
INFO - 2024-10-07 08:09:09 --> Session: Class initialized using 'CodeIgniter\Session\Handlers\FileHandler' driver.
INFO - 2024-10-07 08:10:27 --> Session: Class initialized using 'CodeIgniter\Session\Handlers\FileHandler' driver.
INFO - 2024-10-07 08:11:14 --> Session: Class initialized using 'CodeIgniter\Session\Handlers\FileHandler' driver.
INFO - 2024-10-07 08:11:52 --> Session: Class initialized using 'CodeIgniter\Session\Handlers\FileHandler' driver.
INFO - 2024-10-07 08:13:11 --> Session: Class initialized using 'CodeIgniter\Session\Handlers\FileHandler' driver.
INFO - 2024-10-07 08:13:36 --> Session: Class initialized using 'CodeIgniter\Session\Handlers\FileHandler' driver.
