CRITICAL - 2024-09-11 03:15:41 --> ErrorException: Undefined variable $role
[Method: GET, Route: adminController/listOfStaff]
in APPPATH\Views\listOfStaff.php on line 44.
 1 APPPATH\Views\listOfStaff.php(44): CodeIgniter\Debug\Exceptions->errorHandler(2, 'Undefined variable $role', 'C:\\xampp\\htdocs\\SeGuMaS\\app\\Views\\listOfStaff.php', 44)
 2 SYSTEMPATH\View\View.php(234): include('C:\\xampp\\htdocs\\SeGuMaS\\app\\Views\\listOfStaff.php')
 3 SYSTEMPATH\View\View.php(237): CodeIgniter\View\View->CodeIgniter\View\{closure}()
 4 SYSTEMPATH\Common.php(1169): CodeIgniter\View\View->render('listOfStaff', [], true)
 5 APPPATH\Controllers\adminController.php(38): view('listOfStaff', [...])
 6 SYSTEMPATH\CodeIgniter.php(933): App\Controllers\adminController->listOfStaff()
 7 SYSTEMPATH\CodeIgniter.php(509): CodeIgniter\CodeIgniter->runController(Object(App\Controllers\adminController))
 8 SYSTEMPATH\CodeIgniter.php(355): CodeIgniter\CodeIgniter->handleRequest(null, Object(Config\Cache), false)
 9 SYSTEMPATH\Boot.php(325): CodeIgniter\CodeIgniter->run()
10 SYSTEMPATH\Boot.php(67): CodeIgniter\Boot::runCodeIgniter(Object(CodeIgniter\CodeIgniter))
11 FCPATH\index.php(56): CodeIgniter\Boot::bootWeb(Object(Config\Paths))
12 SYSTEMPATH\rewrite.php(44): require_once('C:\\xampp\\htdocs\\SeGuMaS\\public\\index.php')
CRITICAL - 2024-09-11 03:25:48 --> ErrorException: Undefined variable $role
[Method: GET, Route: adminController/listOfStaff]
in APPPATH\Views\listOfStaff.php on line 44.
 1 APPPATH\Views\listOfStaff.php(44): CodeIgniter\Debug\Exceptions->errorHandler(2, 'Undefined variable $role', 'C:\\xampp\\htdocs\\SeGuMaS\\app\\Views\\listOfStaff.php', 44)
 2 SYSTEMPATH\View\View.php(234): include('C:\\xampp\\htdocs\\SeGuMaS\\app\\Views\\listOfStaff.php')
 3 SYSTEMPATH\View\View.php(237): CodeIgniter\View\View->CodeIgniter\View\{closure}()
 4 SYSTEMPATH\Common.php(1169): CodeIgniter\View\View->render('listOfStaff', [], true)
 5 APPPATH\Controllers\adminController.php(38): view('listOfStaff', [...])
 6 SYSTEMPATH\CodeIgniter.php(933): App\Controllers\adminController->listOfStaff()
 7 SYSTEMPATH\CodeIgniter.php(509): CodeIgniter\CodeIgniter->runController(Object(App\Controllers\adminController))
 8 SYSTEMPATH\CodeIgniter.php(355): CodeIgniter\CodeIgniter->handleRequest(null, Object(Config\Cache), false)
 9 SYSTEMPATH\Boot.php(325): CodeIgniter\CodeIgniter->run()
10 SYSTEMPATH\Boot.php(67): CodeIgniter\Boot::runCodeIgniter(Object(CodeIgniter\CodeIgniter))
11 FCPATH\index.php(56): CodeIgniter\Boot::bootWeb(Object(Config\Paths))
12 SYSTEMPATH\rewrite.php(44): require_once('C:\\xampp\\htdocs\\SeGuMaS\\public\\index.php')
CRITICAL - 2024-09-11 03:26:21 --> ErrorException: Undefined variable $role
[Method: GET, Route: adminController/listOfStaff]
in APPPATH\Views\listOfStaff.php on line 44.
 1 APPPATH\Views\listOfStaff.php(44): CodeIgniter\Debug\Exceptions->errorHandler(2, 'Undefined variable $role', 'C:\\xampp\\htdocs\\SeGuMaS\\app\\Views\\listOfStaff.php', 44)
 2 SYSTEMPATH\View\View.php(234): include('C:\\xampp\\htdocs\\SeGuMaS\\app\\Views\\listOfStaff.php')
 3 SYSTEMPATH\View\View.php(237): CodeIgniter\View\View->CodeIgniter\View\{closure}()
 4 SYSTEMPATH\Common.php(1169): CodeIgniter\View\View->render('listOfStaff', [], true)
 5 APPPATH\Controllers\adminController.php(38): view('listOfStaff', [...])
 6 SYSTEMPATH\CodeIgniter.php(933): App\Controllers\adminController->listOfStaff()
 7 SYSTEMPATH\CodeIgniter.php(509): CodeIgniter\CodeIgniter->runController(Object(App\Controllers\adminController))
 8 SYSTEMPATH\CodeIgniter.php(355): CodeIgniter\CodeIgniter->handleRequest(null, Object(Config\Cache), false)
 9 SYSTEMPATH\Boot.php(325): CodeIgniter\CodeIgniter->run()
10 SYSTEMPATH\Boot.php(67): CodeIgniter\Boot::runCodeIgniter(Object(CodeIgniter\CodeIgniter))
11 FCPATH\index.php(56): CodeIgniter\Boot::bootWeb(Object(Config\Paths))
12 SYSTEMPATH\rewrite.php(44): require_once('C:\\xampp\\htdocs\\SeGuMaS\\public\\index.php')
CRITICAL - 2024-09-11 03:26:48 --> ErrorException: Undefined variable $role
[Method: GET, Route: adminController/listOfStaff]
in APPPATH\Views\listOfStaff.php on line 44.
 1 APPPATH\Views\listOfStaff.php(44): CodeIgniter\Debug\Exceptions->errorHandler(2, 'Undefined variable $role', 'C:\\xampp\\htdocs\\SeGuMaS\\app\\Views\\listOfStaff.php', 44)
 2 SYSTEMPATH\View\View.php(234): include('C:\\xampp\\htdocs\\SeGuMaS\\app\\Views\\listOfStaff.php')
 3 SYSTEMPATH\View\View.php(237): CodeIgniter\View\View->CodeIgniter\View\{closure}()
 4 SYSTEMPATH\Common.php(1169): CodeIgniter\View\View->render('listOfStaff', [], true)
 5 APPPATH\Controllers\adminController.php(38): view('listOfStaff', [...])
 6 SYSTEMPATH\CodeIgniter.php(933): App\Controllers\adminController->listOfStaff()
 7 SYSTEMPATH\CodeIgniter.php(509): CodeIgniter\CodeIgniter->runController(Object(App\Controllers\adminController))
 8 SYSTEMPATH\CodeIgniter.php(355): CodeIgniter\CodeIgniter->handleRequest(null, Object(Config\Cache), false)
 9 SYSTEMPATH\Boot.php(325): CodeIgniter\CodeIgniter->run()
10 SYSTEMPATH\Boot.php(67): CodeIgniter\Boot::runCodeIgniter(Object(CodeIgniter\CodeIgniter))
11 FCPATH\index.php(56): CodeIgniter\Boot::bootWeb(Object(Config\Paths))
12 SYSTEMPATH\rewrite.php(44): require_once('C:\\xampp\\htdocs\\SeGuMaS\\public\\index.php')
