ERROR - 2024-08-26 07:17:29 --> Email: sendWithMail throwed ErrorException: mail(): Failed to connect to mailserver at &quot;localhost&quot; port 25, verify your &quot;SMTP&quot; and &quot;smtp_port&quot; setting in php.ini or use ini_set() in C:\xampp\htdocs\JasaPerkasaWeb\system\Email\Email.php:1762
Stack trace:
#0 [internal function]: CodeIgniter\Debug\Exceptions->errorHandler(2, 'mail(): Failed ...', 'C:\\xampp\\htdocs...', 1762)
#1 C:\xampp\htdocs\JasaPerkasaWeb\system\Email\Email.php(1762): mail('edragneel678@gm...', '=?UTF-8?Q?Appli...', 'Thank you for y...', 'Date: Mon, 26 A...', '-f your-email@e...')
#2 C:\xampp\htdocs\JasaPerkasaWeb\system\Email\Email.php(1694): CodeIgniter\Email\Email->sendWithMail()
#3 C:\xampp\htdocs\JasaPerkasaWeb\system\Email\Email.php(1589): CodeIgniter\Email\Email->spoolEmail()
#4 C:\xampp\htdocs\JasaPerkasaWeb\app\Controllers\Home.php(53): CodeIgniter\Email\Email->send()
#5 C:\xampp\htdocs\JasaPerkasaWeb\system\CodeIgniter.php(933): App\Controllers\Home->submit_form()
#6 C:\xampp\htdocs\JasaPerkasaWeb\system\CodeIgniter.php(509): CodeIgniter\CodeIgniter->runController(Object(App\Controllers\Home))
#7 C:\xampp\htdocs\JasaPerkasaWeb\system\CodeIgniter.php(355): CodeIgniter\CodeIgniter->handleRequest(NULL, Object(Config\Cache), false)
#8 C:\xampp\htdocs\JasaPerkasaWeb\system\Boot.php(325): CodeIgniter\CodeIgniter->run()
#9 C:\xampp\htdocs\JasaPerkasaWeb\system\Boot.php(67): CodeIgniter\Boot::runCodeIgniter(Object(CodeIgniter\CodeIgniter))
#10 C:\xampp\htdocs\JasaPerkasaWeb\public\index.php(56): CodeIgniter\Boot::bootWeb(Object(Config\Paths))
#11 C:\xampp\htdocs\JasaPerkasaWeb\system\rewrite.php(44): require_once('C:\\xampp\\htdocs...')
#12 {main}
ERROR - 2024-08-26 07:17:29 --> Email: Unable to send email using PHP mail(). Your server might not be configured to send mail using this method.
ERROR - 2024-08-26 07:17:29 --> 
ERROR - 2024-08-26 07:18:49 --> Email: sendWithMail throwed ErrorException: mail(): Failed to connect to mailserver at &quot;localhost&quot; port 25, verify your &quot;SMTP&quot; and &quot;smtp_port&quot; setting in php.ini or use ini_set() in C:\xampp\htdocs\JasaPerkasaWeb\system\Email\Email.php:1762
Stack trace:
#0 [internal function]: CodeIgniter\Debug\Exceptions->errorHandler(2, 'mail(): Failed ...', 'C:\\xampp\\htdocs...', 1762)
#1 C:\xampp\htdocs\JasaPerkasaWeb\system\Email\Email.php(1762): mail('edragneel678@gm...', '=?UTF-8?Q?Appli...', 'Thank you for y...', 'Date: Mon, 26 A...', '-f your-email@e...')
#2 C:\xampp\htdocs\JasaPerkasaWeb\system\Email\Email.php(1694): CodeIgniter\Email\Email->sendWithMail()
#3 C:\xampp\htdocs\JasaPerkasaWeb\system\Email\Email.php(1589): CodeIgniter\Email\Email->spoolEmail()
#4 C:\xampp\htdocs\JasaPerkasaWeb\app\Controllers\Home.php(53): CodeIgniter\Email\Email->send()
#5 C:\xampp\htdocs\JasaPerkasaWeb\system\CodeIgniter.php(933): App\Controllers\Home->submit_form()
#6 C:\xampp\htdocs\JasaPerkasaWeb\system\CodeIgniter.php(509): CodeIgniter\CodeIgniter->runController(Object(App\Controllers\Home))
#7 C:\xampp\htdocs\JasaPerkasaWeb\system\CodeIgniter.php(355): CodeIgniter\CodeIgniter->handleRequest(NULL, Object(Config\Cache), false)
#8 C:\xampp\htdocs\JasaPerkasaWeb\system\Boot.php(325): CodeIgniter\CodeIgniter->run()
#9 C:\xampp\htdocs\JasaPerkasaWeb\system\Boot.php(67): CodeIgniter\Boot::runCodeIgniter(Object(CodeIgniter\CodeIgniter))
#10 C:\xampp\htdocs\JasaPerkasaWeb\public\index.php(56): CodeIgniter\Boot::bootWeb(Object(Config\Paths))
#11 C:\xampp\htdocs\JasaPerkasaWeb\system\rewrite.php(44): require_once('C:\\xampp\\htdocs...')
#12 {main}
ERROR - 2024-08-26 07:18:49 --> Email: Unable to send email using PHP mail(). Your server might not be configured to send mail using this method.
ERROR - 2024-08-26 07:18:49 --> 
ERROR - 2024-08-26 07:18:51 --> Email: sendWithMail throwed ErrorException: mail(): Failed to connect to mailserver at &quot;localhost&quot; port 25, verify your &quot;SMTP&quot; and &quot;smtp_port&quot; setting in php.ini or use ini_set() in C:\xampp\htdocs\JasaPerkasaWeb\system\Email\Email.php:1762
Stack trace:
#0 [internal function]: CodeIgniter\Debug\Exceptions->errorHandler(2, 'mail(): Failed ...', 'C:\\xampp\\htdocs...', 1762)
#1 C:\xampp\htdocs\JasaPerkasaWeb\system\Email\Email.php(1762): mail('edragneel678@gm...', '=?UTF-8?Q?Appli...', 'Thank you for y...', 'Date: Mon, 26 A...', '-f your-email@e...')
#2 C:\xampp\htdocs\JasaPerkasaWeb\system\Email\Email.php(1694): CodeIgniter\Email\Email->sendWithMail()
#3 C:\xampp\htdocs\JasaPerkasaWeb\system\Email\Email.php(1589): CodeIgniter\Email\Email->spoolEmail()
#4 C:\xampp\htdocs\JasaPerkasaWeb\app\Controllers\Home.php(53): CodeIgniter\Email\Email->send()
#5 C:\xampp\htdocs\JasaPerkasaWeb\system\CodeIgniter.php(933): App\Controllers\Home->submit_form()
#6 C:\xampp\htdocs\JasaPerkasaWeb\system\CodeIgniter.php(509): CodeIgniter\CodeIgniter->runController(Object(App\Controllers\Home))
#7 C:\xampp\htdocs\JasaPerkasaWeb\system\CodeIgniter.php(355): CodeIgniter\CodeIgniter->handleRequest(NULL, Object(Config\Cache), false)
#8 C:\xampp\htdocs\JasaPerkasaWeb\system\Boot.php(325): CodeIgniter\CodeIgniter->run()
#9 C:\xampp\htdocs\JasaPerkasaWeb\system\Boot.php(67): CodeIgniter\Boot::runCodeIgniter(Object(CodeIgniter\CodeIgniter))
#10 C:\xampp\htdocs\JasaPerkasaWeb\public\index.php(56): CodeIgniter\Boot::bootWeb(Object(Config\Paths))
#11 C:\xampp\htdocs\JasaPerkasaWeb\system\rewrite.php(44): require_once('C:\\xampp\\htdocs...')
#12 {main}
ERROR - 2024-08-26 07:18:51 --> Email: Unable to send email using PHP mail(). Your server might not be configured to send mail using this method.
ERROR - 2024-08-26 07:18:51 --> 
ERROR - 2024-08-26 07:18:53 --> Email: sendWithMail throwed ErrorException: mail(): Failed to connect to mailserver at &quot;localhost&quot; port 25, verify your &quot;SMTP&quot; and &quot;smtp_port&quot; setting in php.ini or use ini_set() in C:\xampp\htdocs\JasaPerkasaWeb\system\Email\Email.php:1762
Stack trace:
#0 [internal function]: CodeIgniter\Debug\Exceptions->errorHandler(2, 'mail(): Failed ...', 'C:\\xampp\\htdocs...', 1762)
#1 C:\xampp\htdocs\JasaPerkasaWeb\system\Email\Email.php(1762): mail('edragneel678@gm...', '=?UTF-8?Q?Appli...', 'Thank you for y...', 'Date: Mon, 26 A...', '-f your-email@e...')
#2 C:\xampp\htdocs\JasaPerkasaWeb\system\Email\Email.php(1694): CodeIgniter\Email\Email->sendWithMail()
#3 C:\xampp\htdocs\JasaPerkasaWeb\system\Email\Email.php(1589): CodeIgniter\Email\Email->spoolEmail()
#4 C:\xampp\htdocs\JasaPerkasaWeb\app\Controllers\Home.php(53): CodeIgniter\Email\Email->send()
#5 C:\xampp\htdocs\JasaPerkasaWeb\system\CodeIgniter.php(933): App\Controllers\Home->submit_form()
#6 C:\xampp\htdocs\JasaPerkasaWeb\system\CodeIgniter.php(509): CodeIgniter\CodeIgniter->runController(Object(App\Controllers\Home))
#7 C:\xampp\htdocs\JasaPerkasaWeb\system\CodeIgniter.php(355): CodeIgniter\CodeIgniter->handleRequest(NULL, Object(Config\Cache), false)
#8 C:\xampp\htdocs\JasaPerkasaWeb\system\Boot.php(325): CodeIgniter\CodeIgniter->run()
#9 C:\xampp\htdocs\JasaPerkasaWeb\system\Boot.php(67): CodeIgniter\Boot::runCodeIgniter(Object(CodeIgniter\CodeIgniter))
#10 C:\xampp\htdocs\JasaPerkasaWeb\public\index.php(56): CodeIgniter\Boot::bootWeb(Object(Config\Paths))
#11 C:\xampp\htdocs\JasaPerkasaWeb\system\rewrite.php(44): require_once('C:\\xampp\\htdocs...')
#12 {main}
ERROR - 2024-08-26 07:18:53 --> Email: Unable to send email using PHP mail(). Your server might not be configured to send mail using this method.
ERROR - 2024-08-26 07:18:53 --> 
ERROR - 2024-08-26 07:18:55 --> Email: sendWithMail throwed ErrorException: mail(): Failed to connect to mailserver at &quot;localhost&quot; port 25, verify your &quot;SMTP&quot; and &quot;smtp_port&quot; setting in php.ini or use ini_set() in C:\xampp\htdocs\JasaPerkasaWeb\system\Email\Email.php:1762
Stack trace:
#0 [internal function]: CodeIgniter\Debug\Exceptions->errorHandler(2, 'mail(): Failed ...', 'C:\\xampp\\htdocs...', 1762)
#1 C:\xampp\htdocs\JasaPerkasaWeb\system\Email\Email.php(1762): mail('edragneel678@gm...', '=?UTF-8?Q?Appli...', 'Thank you for y...', 'Date: Mon, 26 A...', '-f your-email@e...')
#2 C:\xampp\htdocs\JasaPerkasaWeb\system\Email\Email.php(1694): CodeIgniter\Email\Email->sendWithMail()
#3 C:\xampp\htdocs\JasaPerkasaWeb\system\Email\Email.php(1589): CodeIgniter\Email\Email->spoolEmail()
#4 C:\xampp\htdocs\JasaPerkasaWeb\app\Controllers\Home.php(53): CodeIgniter\Email\Email->send()
#5 C:\xampp\htdocs\JasaPerkasaWeb\system\CodeIgniter.php(933): App\Controllers\Home->submit_form()
#6 C:\xampp\htdocs\JasaPerkasaWeb\system\CodeIgniter.php(509): CodeIgniter\CodeIgniter->runController(Object(App\Controllers\Home))
#7 C:\xampp\htdocs\JasaPerkasaWeb\system\CodeIgniter.php(355): CodeIgniter\CodeIgniter->handleRequest(NULL, Object(Config\Cache), false)
#8 C:\xampp\htdocs\JasaPerkasaWeb\system\Boot.php(325): CodeIgniter\CodeIgniter->run()
#9 C:\xampp\htdocs\JasaPerkasaWeb\system\Boot.php(67): CodeIgniter\Boot::runCodeIgniter(Object(CodeIgniter\CodeIgniter))
#10 C:\xampp\htdocs\JasaPerkasaWeb\public\index.php(56): CodeIgniter\Boot::bootWeb(Object(Config\Paths))
#11 C:\xampp\htdocs\JasaPerkasaWeb\system\rewrite.php(44): require_once('C:\\xampp\\htdocs...')
#12 {main}
ERROR - 2024-08-26 07:18:55 --> Email: Unable to send email using PHP mail(). Your server might not be configured to send mail using this method.
ERROR - 2024-08-26 07:18:55 --> 
ERROR - 2024-08-26 07:18:58 --> Email: sendWithMail throwed ErrorException: mail(): Failed to connect to mailserver at &quot;localhost&quot; port 25, verify your &quot;SMTP&quot; and &quot;smtp_port&quot; setting in php.ini or use ini_set() in C:\xampp\htdocs\JasaPerkasaWeb\system\Email\Email.php:1762
Stack trace:
#0 [internal function]: CodeIgniter\Debug\Exceptions->errorHandler(2, 'mail(): Failed ...', 'C:\\xampp\\htdocs...', 1762)
#1 C:\xampp\htdocs\JasaPerkasaWeb\system\Email\Email.php(1762): mail('edragneel678@gm...', '=?UTF-8?Q?Appli...', 'Thank you for y...', 'Date: Mon, 26 A...', '-f your-email@e...')
#2 C:\xampp\htdocs\JasaPerkasaWeb\system\Email\Email.php(1694): CodeIgniter\Email\Email->sendWithMail()
#3 C:\xampp\htdocs\JasaPerkasaWeb\system\Email\Email.php(1589): CodeIgniter\Email\Email->spoolEmail()
#4 C:\xampp\htdocs\JasaPerkasaWeb\app\Controllers\Home.php(53): CodeIgniter\Email\Email->send()
#5 C:\xampp\htdocs\JasaPerkasaWeb\system\CodeIgniter.php(933): App\Controllers\Home->submit_form()
#6 C:\xampp\htdocs\JasaPerkasaWeb\system\CodeIgniter.php(509): CodeIgniter\CodeIgniter->runController(Object(App\Controllers\Home))
#7 C:\xampp\htdocs\JasaPerkasaWeb\system\CodeIgniter.php(355): CodeIgniter\CodeIgniter->handleRequest(NULL, Object(Config\Cache), false)
#8 C:\xampp\htdocs\JasaPerkasaWeb\system\Boot.php(325): CodeIgniter\CodeIgniter->run()
#9 C:\xampp\htdocs\JasaPerkasaWeb\system\Boot.php(67): CodeIgniter\Boot::runCodeIgniter(Object(CodeIgniter\CodeIgniter))
#10 C:\xampp\htdocs\JasaPerkasaWeb\public\index.php(56): CodeIgniter\Boot::bootWeb(Object(Config\Paths))
#11 C:\xampp\htdocs\JasaPerkasaWeb\system\rewrite.php(44): require_once('C:\\xampp\\htdocs...')
#12 {main}
ERROR - 2024-08-26 07:18:58 --> Email: Unable to send email using PHP mail(). Your server might not be configured to send mail using this method.
ERROR - 2024-08-26 07:18:58 --> 
ERROR - 2024-08-26 07:19:00 --> Email: sendWithMail throwed ErrorException: mail(): Failed to connect to mailserver at &quot;localhost&quot; port 25, verify your &quot;SMTP&quot; and &quot;smtp_port&quot; setting in php.ini or use ini_set() in C:\xampp\htdocs\JasaPerkasaWeb\system\Email\Email.php:1762
Stack trace:
#0 [internal function]: CodeIgniter\Debug\Exceptions->errorHandler(2, 'mail(): Failed ...', 'C:\\xampp\\htdocs...', 1762)
#1 C:\xampp\htdocs\JasaPerkasaWeb\system\Email\Email.php(1762): mail('edragneel678@gm...', '=?UTF-8?Q?Appli...', 'Thank you for y...', 'Date: Mon, 26 A...', '-f your-email@e...')
#2 C:\xampp\htdocs\JasaPerkasaWeb\system\Email\Email.php(1694): CodeIgniter\Email\Email->sendWithMail()
#3 C:\xampp\htdocs\JasaPerkasaWeb\system\Email\Email.php(1589): CodeIgniter\Email\Email->spoolEmail()
#4 C:\xampp\htdocs\JasaPerkasaWeb\app\Controllers\Home.php(53): CodeIgniter\Email\Email->send()
#5 C:\xampp\htdocs\JasaPerkasaWeb\system\CodeIgniter.php(933): App\Controllers\Home->submit_form()
#6 C:\xampp\htdocs\JasaPerkasaWeb\system\CodeIgniter.php(509): CodeIgniter\CodeIgniter->runController(Object(App\Controllers\Home))
#7 C:\xampp\htdocs\JasaPerkasaWeb\system\CodeIgniter.php(355): CodeIgniter\CodeIgniter->handleRequest(NULL, Object(Config\Cache), false)
#8 C:\xampp\htdocs\JasaPerkasaWeb\system\Boot.php(325): CodeIgniter\CodeIgniter->run()
#9 C:\xampp\htdocs\JasaPerkasaWeb\system\Boot.php(67): CodeIgniter\Boot::runCodeIgniter(Object(CodeIgniter\CodeIgniter))
#10 C:\xampp\htdocs\JasaPerkasaWeb\public\index.php(56): CodeIgniter\Boot::bootWeb(Object(Config\Paths))
#11 C:\xampp\htdocs\JasaPerkasaWeb\system\rewrite.php(44): require_once('C:\\xampp\\htdocs...')
#12 {main}
ERROR - 2024-08-26 07:19:00 --> Email: Unable to send email using PHP mail(). Your server might not be configured to send mail using this method.
ERROR - 2024-08-26 07:19:00 --> 
ERROR - 2024-08-26 07:19:02 --> Email: sendWithMail throwed ErrorException: mail(): Failed to connect to mailserver at &quot;localhost&quot; port 25, verify your &quot;SMTP&quot; and &quot;smtp_port&quot; setting in php.ini or use ini_set() in C:\xampp\htdocs\JasaPerkasaWeb\system\Email\Email.php:1762
Stack trace:
#0 [internal function]: CodeIgniter\Debug\Exceptions->errorHandler(2, 'mail(): Failed ...', 'C:\\xampp\\htdocs...', 1762)
#1 C:\xampp\htdocs\JasaPerkasaWeb\system\Email\Email.php(1762): mail('edragneel678@gm...', '=?UTF-8?Q?Appli...', 'Thank you for y...', 'Date: Mon, 26 A...', '-f your-email@e...')
#2 C:\xampp\htdocs\JasaPerkasaWeb\system\Email\Email.php(1694): CodeIgniter\Email\Email->sendWithMail()
#3 C:\xampp\htdocs\JasaPerkasaWeb\system\Email\Email.php(1589): CodeIgniter\Email\Email->spoolEmail()
#4 C:\xampp\htdocs\JasaPerkasaWeb\app\Controllers\Home.php(53): CodeIgniter\Email\Email->send()
#5 C:\xampp\htdocs\JasaPerkasaWeb\system\CodeIgniter.php(933): App\Controllers\Home->submit_form()
#6 C:\xampp\htdocs\JasaPerkasaWeb\system\CodeIgniter.php(509): CodeIgniter\CodeIgniter->runController(Object(App\Controllers\Home))
#7 C:\xampp\htdocs\JasaPerkasaWeb\system\CodeIgniter.php(355): CodeIgniter\CodeIgniter->handleRequest(NULL, Object(Config\Cache), false)
#8 C:\xampp\htdocs\JasaPerkasaWeb\system\Boot.php(325): CodeIgniter\CodeIgniter->run()
#9 C:\xampp\htdocs\JasaPerkasaWeb\system\Boot.php(67): CodeIgniter\Boot::runCodeIgniter(Object(CodeIgniter\CodeIgniter))
#10 C:\xampp\htdocs\JasaPerkasaWeb\public\index.php(56): CodeIgniter\Boot::bootWeb(Object(Config\Paths))
#11 C:\xampp\htdocs\JasaPerkasaWeb\system\rewrite.php(44): require_once('C:\\xampp\\htdocs...')
#12 {main}
ERROR - 2024-08-26 07:19:02 --> Email: Unable to send email using PHP mail(). Your server might not be configured to send mail using this method.
ERROR - 2024-08-26 07:19:02 --> 
ERROR - 2024-08-26 07:19:04 --> Email: sendWithMail throwed ErrorException: mail(): Failed to connect to mailserver at &quot;localhost&quot; port 25, verify your &quot;SMTP&quot; and &quot;smtp_port&quot; setting in php.ini or use ini_set() in C:\xampp\htdocs\JasaPerkasaWeb\system\Email\Email.php:1762
Stack trace:
#0 [internal function]: CodeIgniter\Debug\Exceptions->errorHandler(2, 'mail(): Failed ...', 'C:\\xampp\\htdocs...', 1762)
#1 C:\xampp\htdocs\JasaPerkasaWeb\system\Email\Email.php(1762): mail('edragneel678@gm...', '=?UTF-8?Q?Appli...', 'Thank you for y...', 'Date: Mon, 26 A...', '-f your-email@e...')
#2 C:\xampp\htdocs\JasaPerkasaWeb\system\Email\Email.php(1694): CodeIgniter\Email\Email->sendWithMail()
#3 C:\xampp\htdocs\JasaPerkasaWeb\system\Email\Email.php(1589): CodeIgniter\Email\Email->spoolEmail()
#4 C:\xampp\htdocs\JasaPerkasaWeb\app\Controllers\Home.php(53): CodeIgniter\Email\Email->send()
#5 C:\xampp\htdocs\JasaPerkasaWeb\system\CodeIgniter.php(933): App\Controllers\Home->submit_form()
#6 C:\xampp\htdocs\JasaPerkasaWeb\system\CodeIgniter.php(509): CodeIgniter\CodeIgniter->runController(Object(App\Controllers\Home))
#7 C:\xampp\htdocs\JasaPerkasaWeb\system\CodeIgniter.php(355): CodeIgniter\CodeIgniter->handleRequest(NULL, Object(Config\Cache), false)
#8 C:\xampp\htdocs\JasaPerkasaWeb\system\Boot.php(325): CodeIgniter\CodeIgniter->run()
#9 C:\xampp\htdocs\JasaPerkasaWeb\system\Boot.php(67): CodeIgniter\Boot::runCodeIgniter(Object(CodeIgniter\CodeIgniter))
#10 C:\xampp\htdocs\JasaPerkasaWeb\public\index.php(56): CodeIgniter\Boot::bootWeb(Object(Config\Paths))
#11 C:\xampp\htdocs\JasaPerkasaWeb\system\rewrite.php(44): require_once('C:\\xampp\\htdocs...')
#12 {main}
ERROR - 2024-08-26 07:19:04 --> Email: Unable to send email using PHP mail(). Your server might not be configured to send mail using this method.
ERROR - 2024-08-26 07:19:04 --> 
ERROR - 2024-08-26 07:19:06 --> Email: sendWithMail throwed ErrorException: mail(): Failed to connect to mailserver at &quot;localhost&quot; port 25, verify your &quot;SMTP&quot; and &quot;smtp_port&quot; setting in php.ini or use ini_set() in C:\xampp\htdocs\JasaPerkasaWeb\system\Email\Email.php:1762
Stack trace:
#0 [internal function]: CodeIgniter\Debug\Exceptions->errorHandler(2, 'mail(): Failed ...', 'C:\\xampp\\htdocs...', 1762)
#1 C:\xampp\htdocs\JasaPerkasaWeb\system\Email\Email.php(1762): mail('edragneel678@gm...', '=?UTF-8?Q?Appli...', 'Thank you for y...', 'Date: Mon, 26 A...', '-f your-email@e...')
#2 C:\xampp\htdocs\JasaPerkasaWeb\system\Email\Email.php(1694): CodeIgniter\Email\Email->sendWithMail()
#3 C:\xampp\htdocs\JasaPerkasaWeb\system\Email\Email.php(1589): CodeIgniter\Email\Email->spoolEmail()
#4 C:\xampp\htdocs\JasaPerkasaWeb\app\Controllers\Home.php(53): CodeIgniter\Email\Email->send()
#5 C:\xampp\htdocs\JasaPerkasaWeb\system\CodeIgniter.php(933): App\Controllers\Home->submit_form()
#6 C:\xampp\htdocs\JasaPerkasaWeb\system\CodeIgniter.php(509): CodeIgniter\CodeIgniter->runController(Object(App\Controllers\Home))
#7 C:\xampp\htdocs\JasaPerkasaWeb\system\CodeIgniter.php(355): CodeIgniter\CodeIgniter->handleRequest(NULL, Object(Config\Cache), false)
#8 C:\xampp\htdocs\JasaPerkasaWeb\system\Boot.php(325): CodeIgniter\CodeIgniter->run()
#9 C:\xampp\htdocs\JasaPerkasaWeb\system\Boot.php(67): CodeIgniter\Boot::runCodeIgniter(Object(CodeIgniter\CodeIgniter))
#10 C:\xampp\htdocs\JasaPerkasaWeb\public\index.php(56): CodeIgniter\Boot::bootWeb(Object(Config\Paths))
#11 C:\xampp\htdocs\JasaPerkasaWeb\system\rewrite.php(44): require_once('C:\\xampp\\htdocs...')
#12 {main}
ERROR - 2024-08-26 07:19:06 --> Email: Unable to send email using PHP mail(). Your server might not be configured to send mail using this method.
ERROR - 2024-08-26 07:19:06 --> 
ERROR - 2024-08-26 07:19:08 --> Email: sendWithMail throwed ErrorException: mail(): Failed to connect to mailserver at &quot;localhost&quot; port 25, verify your &quot;SMTP&quot; and &quot;smtp_port&quot; setting in php.ini or use ini_set() in C:\xampp\htdocs\JasaPerkasaWeb\system\Email\Email.php:1762
Stack trace:
#0 [internal function]: CodeIgniter\Debug\Exceptions->errorHandler(2, 'mail(): Failed ...', 'C:\\xampp\\htdocs...', 1762)
#1 C:\xampp\htdocs\JasaPerkasaWeb\system\Email\Email.php(1762): mail('edragneel678@gm...', '=?UTF-8?Q?Appli...', 'Thank you for y...', 'Date: Mon, 26 A...', '-f your-email@e...')
#2 C:\xampp\htdocs\JasaPerkasaWeb\system\Email\Email.php(1694): CodeIgniter\Email\Email->sendWithMail()
#3 C:\xampp\htdocs\JasaPerkasaWeb\system\Email\Email.php(1589): CodeIgniter\Email\Email->spoolEmail()
#4 C:\xampp\htdocs\JasaPerkasaWeb\app\Controllers\Home.php(53): CodeIgniter\Email\Email->send()
#5 C:\xampp\htdocs\JasaPerkasaWeb\system\CodeIgniter.php(933): App\Controllers\Home->submit_form()
#6 C:\xampp\htdocs\JasaPerkasaWeb\system\CodeIgniter.php(509): CodeIgniter\CodeIgniter->runController(Object(App\Controllers\Home))
#7 C:\xampp\htdocs\JasaPerkasaWeb\system\CodeIgniter.php(355): CodeIgniter\CodeIgniter->handleRequest(NULL, Object(Config\Cache), false)
#8 C:\xampp\htdocs\JasaPerkasaWeb\system\Boot.php(325): CodeIgniter\CodeIgniter->run()
#9 C:\xampp\htdocs\JasaPerkasaWeb\system\Boot.php(67): CodeIgniter\Boot::runCodeIgniter(Object(CodeIgniter\CodeIgniter))
#10 C:\xampp\htdocs\JasaPerkasaWeb\public\index.php(56): CodeIgniter\Boot::bootWeb(Object(Config\Paths))
#11 C:\xampp\htdocs\JasaPerkasaWeb\system\rewrite.php(44): require_once('C:\\xampp\\htdocs...')
#12 {main}
ERROR - 2024-08-26 07:19:08 --> Email: Unable to send email using PHP mail(). Your server might not be configured to send mail using this method.
ERROR - 2024-08-26 07:19:08 --> 
ERROR - 2024-08-26 07:19:10 --> Email: sendWithMail throwed ErrorException: mail(): Failed to connect to mailserver at &quot;localhost&quot; port 25, verify your &quot;SMTP&quot; and &quot;smtp_port&quot; setting in php.ini or use ini_set() in C:\xampp\htdocs\JasaPerkasaWeb\system\Email\Email.php:1762
Stack trace:
#0 [internal function]: CodeIgniter\Debug\Exceptions->errorHandler(2, 'mail(): Failed ...', 'C:\\xampp\\htdocs...', 1762)
#1 C:\xampp\htdocs\JasaPerkasaWeb\system\Email\Email.php(1762): mail('edragneel678@gm...', '=?UTF-8?Q?Appli...', 'Thank you for y...', 'Date: Mon, 26 A...', '-f your-email@e...')
#2 C:\xampp\htdocs\JasaPerkasaWeb\system\Email\Email.php(1694): CodeIgniter\Email\Email->sendWithMail()
#3 C:\xampp\htdocs\JasaPerkasaWeb\system\Email\Email.php(1589): CodeIgniter\Email\Email->spoolEmail()
#4 C:\xampp\htdocs\JasaPerkasaWeb\app\Controllers\Home.php(53): CodeIgniter\Email\Email->send()
#5 C:\xampp\htdocs\JasaPerkasaWeb\system\CodeIgniter.php(933): App\Controllers\Home->submit_form()
#6 C:\xampp\htdocs\JasaPerkasaWeb\system\CodeIgniter.php(509): CodeIgniter\CodeIgniter->runController(Object(App\Controllers\Home))
#7 C:\xampp\htdocs\JasaPerkasaWeb\system\CodeIgniter.php(355): CodeIgniter\CodeIgniter->handleRequest(NULL, Object(Config\Cache), false)
#8 C:\xampp\htdocs\JasaPerkasaWeb\system\Boot.php(325): CodeIgniter\CodeIgniter->run()
#9 C:\xampp\htdocs\JasaPerkasaWeb\system\Boot.php(67): CodeIgniter\Boot::runCodeIgniter(Object(CodeIgniter\CodeIgniter))
#10 C:\xampp\htdocs\JasaPerkasaWeb\public\index.php(56): CodeIgniter\Boot::bootWeb(Object(Config\Paths))
#11 C:\xampp\htdocs\JasaPerkasaWeb\system\rewrite.php(44): require_once('C:\\xampp\\htdocs...')
#12 {main}
ERROR - 2024-08-26 07:19:10 --> Email: Unable to send email using PHP mail(). Your server might not be configured to send mail using this method.
ERROR - 2024-08-26 07:19:10 --> 
ERROR - 2024-08-26 07:21:46 --> Email: sendWithMail throwed ErrorException: mail(): Failed to connect to mailserver at &quot;localhost&quot; port 25, verify your &quot;SMTP&quot; and &quot;smtp_port&quot; setting in php.ini or use ini_set() in C:\xampp\htdocs\JasaPerkasaWeb\system\Email\Email.php:1762
Stack trace:
#0 [internal function]: CodeIgniter\Debug\Exceptions->errorHandler(2, 'mail(): Failed ...', 'C:\\xampp\\htdocs...', 1762)
#1 C:\xampp\htdocs\JasaPerkasaWeb\system\Email\Email.php(1762): mail('edragneel678@gm...', '=?UTF-8?Q?Appli...', 'Thank you for y...', 'Date: Mon, 26 A...', '-f your-email@e...')
#2 C:\xampp\htdocs\JasaPerkasaWeb\system\Email\Email.php(1694): CodeIgniter\Email\Email->sendWithMail()
#3 C:\xampp\htdocs\JasaPerkasaWeb\system\Email\Email.php(1589): CodeIgniter\Email\Email->spoolEmail()
#4 C:\xampp\htdocs\JasaPerkasaWeb\app\Controllers\Home.php(53): CodeIgniter\Email\Email->send()
#5 C:\xampp\htdocs\JasaPerkasaWeb\system\CodeIgniter.php(933): App\Controllers\Home->submit_form()
#6 C:\xampp\htdocs\JasaPerkasaWeb\system\CodeIgniter.php(509): CodeIgniter\CodeIgniter->runController(Object(App\Controllers\Home))
#7 C:\xampp\htdocs\JasaPerkasaWeb\system\CodeIgniter.php(355): CodeIgniter\CodeIgniter->handleRequest(NULL, Object(Config\Cache), false)
#8 C:\xampp\htdocs\JasaPerkasaWeb\system\Boot.php(325): CodeIgniter\CodeIgniter->run()
#9 C:\xampp\htdocs\JasaPerkasaWeb\system\Boot.php(67): CodeIgniter\Boot::runCodeIgniter(Object(CodeIgniter\CodeIgniter))
#10 C:\xampp\htdocs\JasaPerkasaWeb\public\index.php(56): CodeIgniter\Boot::bootWeb(Object(Config\Paths))
#11 C:\xampp\htdocs\JasaPerkasaWeb\system\rewrite.php(44): require_once('C:\\xampp\\htdocs...')
#12 {main}
ERROR - 2024-08-26 07:21:46 --> Email: Unable to send email using PHP mail(). Your server might not be configured to send mail using this method.
ERROR - 2024-08-26 07:21:46 --> 
ERROR - 2024-08-26 07:53:53 --> Email: sendWithMail throwed ErrorException: mail(): Failed to connect to mailserver at &quot;localhost&quot; port 25, verify your &quot;SMTP&quot; and &quot;smtp_port&quot; setting in php.ini or use ini_set() in C:\xampp\htdocs\JasaPerkasaWeb\system\Email\Email.php:1762
Stack trace:
#0 [internal function]: CodeIgniter\Debug\Exceptions->errorHandler(2, 'mail(): Failed ...', 'C:\\xampp\\htdocs...', 1762)
#1 C:\xampp\htdocs\JasaPerkasaWeb\system\Email\Email.php(1762): mail('edragneel678@gm...', '=?UTF-8?Q?Appli...', 'Thank you for y...', 'Date: Mon, 26 A...', '-f your-email@e...')
#2 C:\xampp\htdocs\JasaPerkasaWeb\system\Email\Email.php(1694): CodeIgniter\Email\Email->sendWithMail()
#3 C:\xampp\htdocs\JasaPerkasaWeb\system\Email\Email.php(1589): CodeIgniter\Email\Email->spoolEmail()
#4 C:\xampp\htdocs\JasaPerkasaWeb\app\Controllers\Home.php(53): CodeIgniter\Email\Email->send()
#5 C:\xampp\htdocs\JasaPerkasaWeb\system\CodeIgniter.php(933): App\Controllers\Home->submit_form()
#6 C:\xampp\htdocs\JasaPerkasaWeb\system\CodeIgniter.php(509): CodeIgniter\CodeIgniter->runController(Object(App\Controllers\Home))
#7 C:\xampp\htdocs\JasaPerkasaWeb\system\CodeIgniter.php(355): CodeIgniter\CodeIgniter->handleRequest(NULL, Object(Config\Cache), false)
#8 C:\xampp\htdocs\JasaPerkasaWeb\system\Boot.php(325): CodeIgniter\CodeIgniter->run()
#9 C:\xampp\htdocs\JasaPerkasaWeb\system\Boot.php(67): CodeIgniter\Boot::runCodeIgniter(Object(CodeIgniter\CodeIgniter))
#10 C:\xampp\htdocs\JasaPerkasaWeb\public\index.php(56): CodeIgniter\Boot::bootWeb(Object(Config\Paths))
#11 C:\xampp\htdocs\JasaPerkasaWeb\system\rewrite.php(44): require_once('C:\\xampp\\htdocs...')
#12 {main}
ERROR - 2024-08-26 07:53:53 --> Email: Unable to send email using PHP mail(). Your server might not be configured to send mail using this method.
ERROR - 2024-08-26 07:53:53 --> 
ERROR - 2024-08-26 07:58:24 --> Email: sendWithMail throwed ErrorException: mail(): Failed to connect to mailserver at &quot;localhost&quot; port 25, verify your &quot;SMTP&quot; and &quot;smtp_port&quot; setting in php.ini or use ini_set() in C:\xampp\htdocs\JasaPerkasaWeb\system\Email\Email.php:1762
Stack trace:
#0 [internal function]: CodeIgniter\Debug\Exceptions->errorHandler(2, 'mail(): Failed ...', 'C:\\xampp\\htdocs...', 1762)
#1 C:\xampp\htdocs\JasaPerkasaWeb\system\Email\Email.php(1762): mail('edragneel678@gm...', '=?UTF-8?Q?Appli...', 'Thank you for y...', 'Date: Mon, 26 A...', '-f your-email@e...')
#2 C:\xampp\htdocs\JasaPerkasaWeb\system\Email\Email.php(1694): CodeIgniter\Email\Email->sendWithMail()
#3 C:\xampp\htdocs\JasaPerkasaWeb\system\Email\Email.php(1589): CodeIgniter\Email\Email->spoolEmail()
#4 C:\xampp\htdocs\JasaPerkasaWeb\app\Controllers\Home.php(53): CodeIgniter\Email\Email->send()
#5 C:\xampp\htdocs\JasaPerkasaWeb\system\CodeIgniter.php(933): App\Controllers\Home->submit_form()
#6 C:\xampp\htdocs\JasaPerkasaWeb\system\CodeIgniter.php(509): CodeIgniter\CodeIgniter->runController(Object(App\Controllers\Home))
#7 C:\xampp\htdocs\JasaPerkasaWeb\system\CodeIgniter.php(355): CodeIgniter\CodeIgniter->handleRequest(NULL, Object(Config\Cache), false)
#8 C:\xampp\htdocs\JasaPerkasaWeb\system\Boot.php(325): CodeIgniter\CodeIgniter->run()
#9 C:\xampp\htdocs\JasaPerkasaWeb\system\Boot.php(67): CodeIgniter\Boot::runCodeIgniter(Object(CodeIgniter\CodeIgniter))
#10 C:\xampp\htdocs\JasaPerkasaWeb\public\index.php(56): CodeIgniter\Boot::bootWeb(Object(Config\Paths))
#11 C:\xampp\htdocs\JasaPerkasaWeb\system\rewrite.php(44): require_once('C:\\xampp\\htdocs...')
#12 {main}
ERROR - 2024-08-26 07:58:24 --> Email: Unable to send email using PHP mail(). Your server might not be configured to send mail using this method.
ERROR - 2024-08-26 07:58:24 --> 
ERROR - 2024-08-26 07:59:12 --> Email: sendWithMail throwed ErrorException: mail(): Failed to connect to mailserver at &quot;localhost&quot; port 25, verify your &quot;SMTP&quot; and &quot;smtp_port&quot; setting in php.ini or use ini_set() in C:\xampp\htdocs\JasaPerkasaWeb\system\Email\Email.php:1762
Stack trace:
#0 [internal function]: CodeIgniter\Debug\Exceptions->errorHandler(2, 'mail(): Failed ...', 'C:\\xampp\\htdocs...', 1762)
#1 C:\xampp\htdocs\JasaPerkasaWeb\system\Email\Email.php(1762): mail('edragneel678@gm...', '=?UTF-8?Q?Appli...', 'Thank you for y...', 'Date: Mon, 26 A...', '-f your-email@e...')
#2 C:\xampp\htdocs\JasaPerkasaWeb\system\Email\Email.php(1694): CodeIgniter\Email\Email->sendWithMail()
#3 C:\xampp\htdocs\JasaPerkasaWeb\system\Email\Email.php(1589): CodeIgniter\Email\Email->spoolEmail()
#4 C:\xampp\htdocs\JasaPerkasaWeb\app\Controllers\Home.php(53): CodeIgniter\Email\Email->send()
#5 C:\xampp\htdocs\JasaPerkasaWeb\system\CodeIgniter.php(933): App\Controllers\Home->submit_form()
#6 C:\xampp\htdocs\JasaPerkasaWeb\system\CodeIgniter.php(509): CodeIgniter\CodeIgniter->runController(Object(App\Controllers\Home))
#7 C:\xampp\htdocs\JasaPerkasaWeb\system\CodeIgniter.php(355): CodeIgniter\CodeIgniter->handleRequest(NULL, Object(Config\Cache), false)
#8 C:\xampp\htdocs\JasaPerkasaWeb\system\Boot.php(325): CodeIgniter\CodeIgniter->run()
#9 C:\xampp\htdocs\JasaPerkasaWeb\system\Boot.php(67): CodeIgniter\Boot::runCodeIgniter(Object(CodeIgniter\CodeIgniter))
#10 C:\xampp\htdocs\JasaPerkasaWeb\public\index.php(56): CodeIgniter\Boot::bootWeb(Object(Config\Paths))
#11 C:\xampp\htdocs\JasaPerkasaWeb\system\rewrite.php(44): require_once('C:\\xampp\\htdocs...')
#12 {main}
ERROR - 2024-08-26 07:59:12 --> Email: Unable to send email using PHP mail(). Your server might not be configured to send mail using this method.
ERROR - 2024-08-26 07:59:12 --> 
ERROR - 2024-08-26 08:09:19 --> Email: sendWithMail throwed ErrorException: mail(): Failed to connect to mailserver at &quot;localhost&quot; port 25, verify your &quot;SMTP&quot; and &quot;smtp_port&quot; setting in php.ini or use ini_set() in C:\xampp\htdocs\JasaPerkasaWeb\system\Email\Email.php:1762
Stack trace:
#0 [internal function]: CodeIgniter\Debug\Exceptions->errorHandler(2, 'mail(): Failed ...', 'C:\\xampp\\htdocs...', 1762)
#1 C:\xampp\htdocs\JasaPerkasaWeb\system\Email\Email.php(1762): mail('edragneel678@gm...', '=?UTF-8?Q?Appli...', 'Thank you for y...', 'Date: Mon, 26 A...', '-f your-email@e...')
#2 C:\xampp\htdocs\JasaPerkasaWeb\system\Email\Email.php(1694): CodeIgniter\Email\Email->sendWithMail()
#3 C:\xampp\htdocs\JasaPerkasaWeb\system\Email\Email.php(1589): CodeIgniter\Email\Email->spoolEmail()
#4 C:\xampp\htdocs\JasaPerkasaWeb\app\Controllers\Home.php(53): CodeIgniter\Email\Email->send()
#5 C:\xampp\htdocs\JasaPerkasaWeb\system\CodeIgniter.php(933): App\Controllers\Home->submit_form()
#6 C:\xampp\htdocs\JasaPerkasaWeb\system\CodeIgniter.php(509): CodeIgniter\CodeIgniter->runController(Object(App\Controllers\Home))
#7 C:\xampp\htdocs\JasaPerkasaWeb\system\CodeIgniter.php(355): CodeIgniter\CodeIgniter->handleRequest(NULL, Object(Config\Cache), false)
#8 C:\xampp\htdocs\JasaPerkasaWeb\system\Boot.php(325): CodeIgniter\CodeIgniter->run()
#9 C:\xampp\htdocs\JasaPerkasaWeb\system\Boot.php(67): CodeIgniter\Boot::runCodeIgniter(Object(CodeIgniter\CodeIgniter))
#10 C:\xampp\htdocs\JasaPerkasaWeb\public\index.php(56): CodeIgniter\Boot::bootWeb(Object(Config\Paths))
#11 C:\xampp\htdocs\JasaPerkasaWeb\system\rewrite.php(44): require_once('C:\\xampp\\htdocs...')
#12 {main}
ERROR - 2024-08-26 08:09:19 --> Email: Unable to send email using PHP mail(). Your server might not be configured to send mail using this method.
ERROR - 2024-08-26 08:09:19 --> 
CRITICAL - 2024-08-26 08:15:29 --> ErrorException: Undefined property: App\Controllers\Home::$load
[Method: POST, Route: Home/submit_form]
in APPPATH\Controllers\Home.php on line 23.
 1 APPPATH\Controllers\Home.php(23): CodeIgniter\Debug\Exceptions->errorHandler(2, 'Undefined property: App\\Controllers\\Home::$load', 'C:\\xampp\\htdocs\\JasaPerkasaWeb\\app\\Controllers\\Home.php', 23)
 2 SYSTEMPATH\CodeIgniter.php(933): App\Controllers\Home->submit_form()
 3 SYSTEMPATH\CodeIgniter.php(509): CodeIgniter\CodeIgniter->runController(Object(App\Controllers\Home))
 4 SYSTEMPATH\CodeIgniter.php(355): CodeIgniter\CodeIgniter->handleRequest(null, Object(Config\Cache), false)
 5 SYSTEMPATH\Boot.php(325): CodeIgniter\CodeIgniter->run()
 6 SYSTEMPATH\Boot.php(67): CodeIgniter\Boot::runCodeIgniter(Object(CodeIgniter\CodeIgniter))
 7 FCPATH\index.php(56): CodeIgniter\Boot::bootWeb(Object(Config\Paths))
 8 SYSTEMPATH\rewrite.php(44): require_once('C:\\xampp\\htdocs\\JasaPerkasaWeb\\public\\index.php')
CRITICAL - 2024-08-26 08:16:09 --> ErrorException: Undefined property: App\Controllers\Home::$load
[Method: POST, Route: Home/submit_form]
in APPPATH\Controllers\Home.php on line 23.
 1 APPPATH\Controllers\Home.php(23): CodeIgniter\Debug\Exceptions->errorHandler(2, 'Undefined property: App\\Controllers\\Home::$load', 'C:\\xampp\\htdocs\\JasaPerkasaWeb\\app\\Controllers\\Home.php', 23)
 2 SYSTEMPATH\CodeIgniter.php(933): App\Controllers\Home->submit_form()
 3 SYSTEMPATH\CodeIgniter.php(509): CodeIgniter\CodeIgniter->runController(Object(App\Controllers\Home))
 4 SYSTEMPATH\CodeIgniter.php(355): CodeIgniter\CodeIgniter->handleRequest(null, Object(Config\Cache), false)
 5 SYSTEMPATH\Boot.php(325): CodeIgniter\CodeIgniter->run()
 6 SYSTEMPATH\Boot.php(67): CodeIgniter\Boot::runCodeIgniter(Object(CodeIgniter\CodeIgniter))
 7 FCPATH\index.php(56): CodeIgniter\Boot::bootWeb(Object(Config\Paths))
 8 SYSTEMPATH\rewrite.php(44): require_once('C:\\xampp\\htdocs\\JasaPerkasaWeb\\public\\index.php')
CRITICAL - 2024-08-26 08:16:20 --> ErrorException: Undefined property: App\Controllers\Home::$load
[Method: POST, Route: Home/submit_form]
in APPPATH\Controllers\Home.php on line 23.
 1 APPPATH\Controllers\Home.php(23): CodeIgniter\Debug\Exceptions->errorHandler(2, 'Undefined property: App\\Controllers\\Home::$load', 'C:\\xampp\\htdocs\\JasaPerkasaWeb\\app\\Controllers\\Home.php', 23)
 2 SYSTEMPATH\CodeIgniter.php(933): App\Controllers\Home->submit_form()
 3 SYSTEMPATH\CodeIgniter.php(509): CodeIgniter\CodeIgniter->runController(Object(App\Controllers\Home))
 4 SYSTEMPATH\CodeIgniter.php(355): CodeIgniter\CodeIgniter->handleRequest(null, Object(Config\Cache), false)
 5 SYSTEMPATH\Boot.php(325): CodeIgniter\CodeIgniter->run()
 6 SYSTEMPATH\Boot.php(67): CodeIgniter\Boot::runCodeIgniter(Object(CodeIgniter\CodeIgniter))
 7 FCPATH\index.php(56): CodeIgniter\Boot::bootWeb(Object(Config\Paths))
 8 SYSTEMPATH\rewrite.php(44): require_once('C:\\xampp\\htdocs\\JasaPerkasaWeb\\public\\index.php')
CRITICAL - 2024-08-26 08:16:31 --> ErrorException: Undefined property: App\Controllers\Home::$load
[Method: POST, Route: Home/submit_form]
in APPPATH\Controllers\Home.php on line 23.
 1 APPPATH\Controllers\Home.php(23): CodeIgniter\Debug\Exceptions->errorHandler(2, 'Undefined property: App\\Controllers\\Home::$load', 'C:\\xampp\\htdocs\\JasaPerkasaWeb\\app\\Controllers\\Home.php', 23)
 2 SYSTEMPATH\CodeIgniter.php(933): App\Controllers\Home->submit_form()
 3 SYSTEMPATH\CodeIgniter.php(509): CodeIgniter\CodeIgniter->runController(Object(App\Controllers\Home))
 4 SYSTEMPATH\CodeIgniter.php(355): CodeIgniter\CodeIgniter->handleRequest(null, Object(Config\Cache), false)
 5 SYSTEMPATH\Boot.php(325): CodeIgniter\CodeIgniter->run()
 6 SYSTEMPATH\Boot.php(67): CodeIgniter\Boot::runCodeIgniter(Object(CodeIgniter\CodeIgniter))
 7 FCPATH\index.php(56): CodeIgniter\Boot::bootWeb(Object(Config\Paths))
 8 SYSTEMPATH\rewrite.php(44): require_once('C:\\xampp\\htdocs\\JasaPerkasaWeb\\public\\index.php')
CRITICAL - 2024-08-26 08:21:28 --> ErrorException: Undefined property: App\Controllers\Home::$load
[Method: POST, Route: Home/submitForm]
in APPPATH\Controllers\Home.php on line 23.
 1 APPPATH\Controllers\Home.php(23): CodeIgniter\Debug\Exceptions->errorHandler(2, 'Undefined property: App\\Controllers\\Home::$load', 'C:\\xampp\\htdocs\\JasaPerkasaWeb\\app\\Controllers\\Home.php', 23)
 2 SYSTEMPATH\CodeIgniter.php(933): App\Controllers\Home->submitForm()
 3 SYSTEMPATH\CodeIgniter.php(509): CodeIgniter\CodeIgniter->runController(Object(App\Controllers\Home))
 4 SYSTEMPATH\CodeIgniter.php(355): CodeIgniter\CodeIgniter->handleRequest(null, Object(Config\Cache), false)
 5 SYSTEMPATH\Boot.php(325): CodeIgniter\CodeIgniter->run()
 6 SYSTEMPATH\Boot.php(67): CodeIgniter\Boot::runCodeIgniter(Object(CodeIgniter\CodeIgniter))
 7 FCPATH\index.php(56): CodeIgniter\Boot::bootWeb(Object(Config\Paths))
 8 SYSTEMPATH\rewrite.php(44): require_once('C:\\xampp\\htdocs\\JasaPerkasaWeb\\public\\index.php')
